<?xml version="1.0" encoding="UTF-8"?>
<testsuite xmlns:xsi="http://www.w3.org/2001/XMLSchema-instance" xsi:noNamespaceSchemaLocation="https://maven.apache.org/surefire/maven-surefire-plugin/xsd/surefire-test-report.xsd" name="com.example.runners.TestRunner" time="109.572" tests="4" errors="0" skipped="0" failures="0">
  <properties>
[...]
</properties>
  <testcase name="runScenario" classname="com.example.runners.TestRunner" time="40.471"/>
  <testcase name="runScenario" classname="com.example.runners.TestRunner" time="41.797"/>
  <testcase name="runScenario" classname="com.example.runners.TestRunner" time="13.188"/>
  <testcase name="runScenario" classname="com.example.runners.TestRunner" time="13.095"/>
</testsuite>